# JRE version: Java(TM) SE Runtime Environment (17.0.10+11) (build 17.0.10+11-LTS-240)
# Java VM: Java HotSpot(TM) 64-Bit Server VM (17.0.10+11-LTS-240, mixed mode, sharing, tiered, compressed oops, compressed class ptrs, g1 gc, windows-amd64)
GC Precious Log:
 CPUs: 20 total, 20 available
 Memory: 32435M
 Large Page Support: Disabled
 NUMA Support: Disabled
 Compressed Oops: Enabled (Zero based)
 Heap Region Size: 4M
 Heap Min Capacity: 8M
 Heap Initial Capacity: 508M
 Heap Max Capacity: 8112M
 Pre-touch: Disabled
 Parallel Workers: 15
 Concurrent Workers: 4
 Concurrent Refinement Workers: 15
 Periodic GC: Disabled
Heap:
 garbage-first heap   total 1007616K, used 673285K [0x0000000605000000, 0x0000000800000000)
  region size 4096K, 9 young (36864K), 5 survivors (20480K)
 Metaspace       used 28296K, committed 28544K, reserved 1114112K
  class space    used 3787K, committed 3904K, reserved 1048576K
GC Heap History (20 events):
Event: 5.530 GC heap before
{Heap before GC invocations=12 (full 0):
 garbage-first heap   total 233472K, used 151502K [0x0000000605000000, 0x0000000800000000)
  region size 4096K, 8 young (32768K), 3 survivors (12288K)
 Metaspace       used 24227K, committed 24512K, reserved 1114112K
  class space    used 3030K, committed 3200K, reserved 1048576K
}
Event: 5.543 GC heap after
{Heap after GC invocations=13 (full 0):
 garbage-first heap   total 233472K, used 155596K [0x0000000605000000, 0x0000000800000000)
  region size 4096K, 1 young (4096K), 1 survivors (4096K)
 Metaspace       used 24227K, committed 24512K, reserved 1114112K
  class space    used 3030K, committed 3200K, reserved 1048576K
}
Event: 5.620 GC heap before
{Heap before GC invocations=14 (full 0):
 garbage-first heap   total 274432K, used 163788K [0x0000000605000000, 0x0000000800000000)
  region size 4096K, 4 young (16384K), 1 survivors (4096K)
 Metaspace       used 24242K, committed 24576K, reserved 1114112K
  class space    used 3030K, committed 3200K, reserved 1048576K
}
Event: 5.627 GC heap after
{Heap after GC invocations=15 (full 0):
 garbage-first heap   total 274432K, used 167884K [0x0000000605000000, 0x0000000800000000)
  region size 4096K, 1 young (4096K), 1 survivors (4096K)
 Metaspace       used 24242K, committed 24576K, reserved 1114112K
  class space    used 3030K, committed 3200K, reserved 1048576K
}
Event: 5.659 GC heap before
{Heap before GC invocations=15 (full 0):
 garbage-first heap   total 274432K, used 171980K [0x0000000605000000, 0x0000000800000000)
  region size 4096K, 3 young (12288K), 1 survivors (4096K)
 Metaspace       used 24249K, committed 24576K, reserved 1114112K
  class space    used 3030K, committed 3200K, reserved 1048576K
}
Event: 5.666 GC heap after
{Heap after GC invocations=16 (full 0):
 garbage-first heap   total 462848K, used 177095K [0x0000000605000000, 0x0000000800000000)
  region size 4096K, 1 young (4096K), 1 survivors (4096K)
 Metaspace       used 24249K, committed 24576K, reserved 1114112K
  class space    used 3030K, committed 3200K, reserved 1048576K
}
Event: 6.058 GC heap before
{Heap before GC invocations=16 (full 0):
 garbage-first heap   total 462848K, used 246727K [0x0000000605000000, 0x0000000800000000)
  region size 4096K, 19 young (77824K), 1 survivors (4096K)
 Metaspace       used 24372K, committed 24640K, reserved 1114112K
  class space    used 3030K, committed 3200K, reserved 1048576K
}
Event: 6.065 GC heap after
{Heap after GC invocations=17 (full 0):
 garbage-first heap   total 462848K, used 250823K [0x0000000605000000, 0x0000000800000000)
  region size 4096K, 3 young (12288K), 3 survivors (12288K)
 Metaspace       used 24372K, committed 24640K, reserved 1114112K
  class space    used 3030K, committed 3200K, reserved 1048576K
}
Event: 6.264 GC heap before
{Heap before GC invocations=17 (full 0):
 garbage-first heap   total 462848K, used 295879K [0x0000000605000000, 0x0000000800000000)
  region size 4096K, 15 young (61440K), 3 survivors (12288K)
 Metaspace       used 24413K, committed 24768K, reserved 1114112K
  class space    used 3030K, committed 3200K, reserved 1048576K
}
Event: 6.287 GC heap after
{Heap after GC invocations=18 (full 0):
 garbage-first heap   total 462848K, used 297933K [0x0000000605000000, 0x0000000800000000)
  region size 4096K, 2 young (8192K), 2 survivors (8192K)
 Metaspace       used 24413K, committed 24768K, reserved 1114112K
  class space    used 3030K, committed 3200K, reserved 1048576K
}
Event: 6.535 GC heap before
{Heap before GC invocations=19 (full 0):
 garbage-first heap   total 507904K, used 330701K [0x0000000605000000, 0x0000000800000000)
  region size 4096K, 11 young (45056K), 2 survivors (8192K)
 Metaspace       used 25211K, committed 25472K, reserved 1114112K
  class space    used 3209K, committed 3328K, reserved 1048576K
}
Event: 6.567 GC heap after
{Heap after GC invocations=20 (full 0):
 garbage-first heap   total 507904K, used 332743K [0x0000000605000000, 0x0000000800000000)
  region size 4096K, 2 young (8192K), 2 survivors (8192K)
 Metaspace       used 25211K, committed 25472K, reserved 1114112K
  class space    used 3209K, committed 3328K, reserved 1048576K
}
Event: 6.939 GC heap before
{Heap before GC invocations=20 (full 0):
 garbage-first heap   total 507904K, used 349127K [0x0000000605000000, 0x0000000800000000)
  region size 4096K, 6 young (24576K), 2 survivors (8192K)
 Metaspace       used 27408K, committed 27712K, reserved 1114112K
  class space    used 3706K, committed 3840K, reserved 1048576K
}
Event: 6.991 GC heap after
{Heap after GC invocations=21 (full 0):
 garbage-first heap   total 1007616K, used 335137K [0x0000000605000000, 0x0000000800000000)
  region size 4096K, 1 young (4096K), 1 survivors (4096K)
 Metaspace       used 27408K, committed 27712K, reserved 1114112K
  class space    used 3706K, committed 3840K, reserved 1048576K
}
Event: 8.723 GC heap before
{Heap before GC invocations=21 (full 0):
 garbage-first heap   total 1007616K, used 376097K [0x0000000605000000, 0x0000000800000000)
  region size 4096K, 12 young (49152K), 1 survivors (4096K)
 Metaspace       used 28281K, committed 28544K, reserved 1114112K
  class space    used 3786K, committed 3904K, reserved 1048576K
}
Event: 8.729 GC heap after
{Heap after GC invocations=22 (full 0):
 garbage-first heap   total 1007616K, used 374277K [0x0000000605000000, 0x0000000800000000)
  region size 4096K, 2 young (8192K), 2 survivors (8192K)
 Metaspace       used 28281K, committed 28544K, reserved 1114112K
  class space    used 3786K, committed 3904K, reserved 1048576K
}
Event: 8.953 GC heap before
{Heap before GC invocations=22 (full 0):
 garbage-first heap   total 1007616K, used 554501K [0x0000000605000000, 0x0000000800000000)
  region size 4096K, 47 young (192512K), 2 survivors (8192K)
 Metaspace       used 28293K, committed 28544K, reserved 1114112K
  class space    used 3787K, committed 3904K, reserved 1048576K
}
Event: 8.970 GC heap after
{Heap after GC invocations=23 (full 0):
 garbage-first heap   total 1007616K, used 554501K [0x0000000605000000, 0x0000000800000000)
  region size 4096K, 6 young (24576K), 6 survivors (24576K)
 Metaspace       used 28293K, committed 28544K, reserved 1114112K
  class space    used 3787K, committed 3904K, reserved 1048576K
}
Event: 9.078 GC heap before
{Heap before GC invocations=23 (full 0):
 garbage-first heap   total 1007616K, used 665093K [0x0000000605000000, 0x0000000800000000)
  region size 4096K, 34 young (139264K), 6 survivors (24576K)
 Metaspace       used 28296K, committed 28544K, reserved 1114112K
  class space    used 3787K, committed 3904K, reserved 1048576K
}
Event: 9.098 GC heap after
{Heap after GC invocations=24 (full 0):
 garbage-first heap   total 1007616K, used 665093K [0x0000000605000000, 0x0000000800000000)
  region size 4096K, 5 young (20480K), 5 survivors (20480K)
 Metaspace       used 28296K, committed 28544K, reserved 1114112K
  class space    used 3787K, committed 3904K, reserved 1048576K
}

